<?xml version="1.0" encoding="UTF-8"?>
<!-- Generated by org.testng.reporters.JUnitXMLReporter -->
<testsuite ignored="0" hostname="ATDEV271L1" failures="0" tests="4" name="Default test" time="54.579" errors="0" timestamp="2024-08-05T14:58:01 IST">
  <testcase classname="FrameWork.test_cases.T1" name="purchase" time="15.649"/>
  <testcase classname="FrameWork.test_cases.T1" name="purchase" time="5.219">
    <skipped/>
  </testcase> <!-- purchase -->
  <testcase classname="FrameWork.test_cases.T1" name="purchase" time="14.696"/>
  <testcase classname="FrameWork.test_cases.T1" name="orderverify" time="3.802"/>
</testsuite> <!-- Default test -->
