<?xml version="1.0" encoding="UTF-8"?>
<!-- Generated by org.testng.reporters.JUnitXMLReporter -->
<testsuite ignored="0" hostname="ATDEV271L1" failures="1" tests="1" name="invalidlogin" time="5.569" errors="0" timestamp="2024-07-30T07:21:04 IST">
  <testcase classname="FrameWork.test_cases.InvalidLogin" name="invalidlogin" time="0.606">
    <failure type="junit.framework.ComparisonFailure" message="expected:&amp;lt;[Incorrect email or password.]&amp;gt; but was:&amp;lt;[]&amp;gt;">
      <![CDATA[junit.framework.ComparisonFailure: expected:<[Incorrect email or password.]> but was:<[]>
at junit.framework.Assert.assertEquals(Assert.java:100)
at junit.framework.Assert.assertEquals(Assert.java:107)
at FrameWork.test_cases.InvalidLogin.invalidlogin(InvalidLogin.java:18)
at java.base/java.util.ArrayList.forEach(ArrayList.java:1511)
... Removed 25 stack frames]]>
    </failure>
  </testcase> <!-- invalidlogin -->
</testsuite> <!-- invalidlogin -->
