<?xml version="1.0" encoding="UTF-8"?>
<!-- Generated by org.testng.reporters.JUnitXMLReporter -->
<testsuite ignored="0" hostname="ATDEV271L1" failures="1" tests="5" name="Test" time="48.837" errors="0" timestamp="2024-08-04T21:13:10 IST">
  <testcase classname="FrameWork.test_cases.InvalidLogin" name="invalidlogin" time="1.052"/>
  <testcase classname="FrameWork.test_cases.Ordercheck" name="order" time="0.003">
    <failure type="java.lang.NullPointerException" message="Cannot invoke &amp;quot;java.util.HashMap.get(Object)&amp;quot; because &amp;quot;input&amp;quot; is null">
      <![CDATA[java.lang.NullPointerException: Cannot invoke "java.util.HashMap.get(Object)" because "input" is null
at FrameWork.test_cases.T1.purchase(T1.java:47)
at FrameWork.test_cases.Ordercheck.order(Ordercheck.java:47)
at java.base/java.util.ArrayList.forEach(ArrayList.java:1596)
... Removed 25 stack frames]]>
    </failure>
  </testcase> <!-- order -->
  <testcase classname="FrameWork.test_cases.T1" name="purchase" time="15.369"/>
  <testcase classname="FrameWork.test_cases.T1" name="purchase" time="14.073"/>
  <testcase classname="FrameWork.test_cases.T1" name="orderverify" time="3.831"/>
</testsuite> <!-- Test -->
